{"total": {"lines":{"total":19,"covered":13,"skipped":0,"pct":68.42},"statements":{"total":21,"covered":14,"skipped":0,"pct":66.66},"functions":{"total":7,"covered":3,"skipped":0,"pct":42.85},"branches":{"total":1,"covered":1,"skipped":0,"pct":100},"branchesTrue":{"total":0,"covered":0,"skipped":0,"pct":"Unknown"}}
,"/home/gustavo/projetos/sd-014-a-project-car-shop/src/models/CarModel.ts": {"lines":{"total":6,"covered":6,"skipped":0,"pct":100},"functions":{"total":1,"covered":1,"skipped":0,"pct":100},"statements":{"total":6,"covered":6,"skipped":0,"pct":100},"branches":{"total":1,"covered":1,"skipped":0,"pct":100}}
,"/home/gustavo/projetos/sd-014-a-project-car-shop/src/models/GenericModel.ts": {"lines":{"total":13,"covered":7,"skipped":0,"pct":53.84},"functions":{"total":6,"covered":2,"skipped":0,"pct":33.33},"statements":{"total":15,"covered":8,"skipped":0,"pct":53.33},"branches":{"total":0,"covered":0,"skipped":0,"pct":100}}
}
